2023-07-18 17:26:29,636 - INFO test2
2023-07-18 17:35:07,202 - INFO test info editor logger
2023-07-19 09:16:13,164 - INFO test info editor logger
2023-07-19 09:17:55,646 - INFO test info editor logger
2023-07-19 09:17:58,828 - INFO test info editor logger
2023-07-19 09:18:09,023 - INFO test info editor logger
2023-07-19 09:18:11,483 - INFO test info editor logger
2023-07-19 09:19:56,509 - INFO test info editor logger
2023-07-19 09:20:12,674 - INFO test info editor logger
2023-07-19 09:20:49,036 - INFO test info editor logger
2023-07-19 09:22:48,837 - INFO test info editor logger
2023-07-19 09:22:54,788 - INFO test info editor logger
2023-07-19 09:23:17,840 - INFO test info editor logger
2023-07-19 09:53:57,156 - INFO test info editor logger
2023-07-19 09:54:01,367 - INFO test info editor logger
2023-07-19 10:03:13,969 - INFO test info editor logger
2023-07-19 10:05:43,937 - INFO test info editor logger
2023-07-19 10:05:50,007 - INFO test info editor logger
2023-07-19 10:10:31,186 - INFO test info editor logger
2023-07-19 10:10:58,135 - INFO test info editor logger
2023-07-19 10:11:02,154 - INFO test info editor logger
2023-07-19 10:11:24,859 - INFO test info editor logger
2023-07-19 10:12:06,651 - INFO test info editor logger
2023-07-19 10:15:18,625 - INFO test info editor logger
2023-07-19 10:16:57,296 - INFO test info editor logger
2023-07-19 10:21:18,537 - INFO test info editor logger
2023-07-19 10:24:42,305 - INFO test info editor logger
2023-07-19 10:25:03,587 - INFO test info editor logger
2023-07-19 10:37:39,077 - INFO test info editor logger
2023-07-19 10:39:33,640 - INFO test info editor logger
2023-07-19 10:40:12,026 - INFO test info editor logger
2023-07-19 10:40:25,626 - INFO test info editor logger
2023-07-19 10:41:18,405 - INFO test info editor logger
2023-07-19 10:43:14,520 - INFO test info editor logger
2023-07-19 10:43:48,806 - INFO test info editor logger
2023-07-19 10:44:32,620 - INFO test info editor logger
2023-07-19 10:45:12,325 - INFO test info editor logger
2023-07-19 10:45:31,063 - INFO test info editor logger
2023-07-19 10:48:28,828 - INFO test info editor logger
2023-07-19 10:50:41,128 - INFO test info editor logger
2023-07-19 10:50:58,007 - INFO test info editor logger
2023-07-19 11:12:25,508 - INFO USER ID: 1's name has been edited from joel to Joel .
2023-07-19 11:12:25,508 - INFO USER ID: 1's gender has been edited from OTHERS to FEMALE .
2023-07-19 13:54:45,629 - INFO pages = :0
2023-07-20 10:42:05,919 - INFO USER ID: 1's permission has been edited from c4ca4238a0b923820dcc509a6f75849b to ADMIN .
2023-07-20 10:42:05,920 - INFO USER ID: 1's name has been edited from ADMIN to joel .
2023-07-20 10:42:05,920 - INFO USER ID: 1's gender has been edited from joel to MALE .
2023-07-20 10:46:29,594 - INFO USER ID: Dummy1's password has been edited.
2023-07-20 10:46:29,594 - INFO USER ID: Dummy1's permission has been edited from c0d11b74ff044d7d36a29834648eda03 to ADMIN .
2023-07-20 10:46:29,594 - INFO USER ID: Dummy1's name has been edited from ADMIN to dmy .
2023-07-20 10:46:29,595 - INFO USER ID: Dummy1's gender has been edited from dmy to MALE .
2023-07-20 10:47:17,277 - INFO USER ID: Dummy2's password has been edited.
2023-07-20 10:47:17,277 - INFO USER ID: Dummy2's permission has been edited from c0d11b74ff044d7d36a29834648eda03 to ADMIN .
2023-07-20 10:47:17,277 - INFO USER ID: Dummy2's name has been edited from ADMIN to s .
2023-07-20 10:47:17,277 - INFO USER ID: Dummy2's gender has been edited from s to MALE .
2023-07-20 10:52:41,569 - INFO password available: =Ar1234!
2023-07-20 10:52:41,608 - INFO USER ID: Dummy1's password has been edited.
2023-07-20 10:52:41,608 - INFO USER ID: Dummy1's permission has been edited from 762aefa36c6a92cb426aed62bbd3c14e to ADMIN .
2023-07-20 10:52:41,608 - INFO USER ID: Dummy1's name has been edited from ADMIN to dmy .
2023-07-20 10:52:41,608 - INFO USER ID: Dummy1's gender has been edited from dmy to MALE .
2023-07-20 11:00:05,426 - INFO USER ID: Dummy1's password has been edited.
2023-07-20 11:00:05,426 - INFO USER ID: Dummy1's permission has been edited from 762aefa36c6a92cb426aed62bbd3c14e to ADMIN .
2023-07-20 11:00:05,426 - INFO USER ID: Dummy1's name has been edited from ADMIN to dmy .
2023-07-20 11:00:05,426 - INFO USER ID: Dummy1's gender has been edited from dmy to MALE .
2023-07-20 11:02:04,364 - INFO True
2023-07-20 11:02:04,364 - INFO password available: =Ar1234!
2023-07-20 11:02:04,405 - INFO USER ID: Dummy1's password has been edited.
2023-07-20 11:02:04,405 - INFO USER ID: Dummy1's permission has been edited from 762aefa36c6a92cb426aed62bbd3c14e to ADMIN .
2023-07-20 11:02:04,405 - INFO USER ID: Dummy1's name has been edited from ADMIN to dmy .
2023-07-20 11:02:04,405 - INFO USER ID: Dummy1's gender has been edited from dmy to MALE .
2023-07-20 11:03:47,111 - INFO True
2023-07-20 11:03:47,111 - INFO password available: =Ar1234@
2023-07-20 11:03:47,144 - INFO edited_data = :[['Dummy1', 'Ar1234@', 'ADMIN', 'dmy', 'MALE', '0']]
2023-07-20 11:03:47,144 - INFO initial_data = :[(2, 'Dummy1', 'f3bda195ca1d2d5a5f84db29ef8ab9f3', 'ADMIN', 'dmy', 'MALE', 0)]
2023-07-20 11:03:47,144 - INFO USER ID: Dummy1's password has been edited.
2023-07-20 11:03:47,144 - INFO USER ID: Dummy1's permission has been edited from f3bda195ca1d2d5a5f84db29ef8ab9f3 to ADMIN .
2023-07-20 11:03:47,144 - INFO USER ID: Dummy1's name has been edited from ADMIN to dmy .
2023-07-20 11:03:47,144 - INFO USER ID: Dummy1's gender has been edited from dmy to MALE .
2023-07-20 11:06:35,245 - INFO True
2023-07-20 11:06:35,245 - INFO password available: =Ar1234!!
2023-07-20 11:06:35,281 - INFO edited_data = :[['Dummy1', 'Ar1234!!', 'ADMIN', 'dmy', 'MALE', '0']]
2023-07-20 11:06:35,281 - INFO initial_data = :[('Dummy1', '210fb276ef8e0a4285622aee0c27b66c', 'ADMIN', 'dmy', 'MALE', 0)]
2023-07-20 11:06:35,281 - INFO USER ID: Dummy1's password has been edited.
2023-07-20 11:10:05,813 - INFO edited_data = :[['Dummy1', 'A', 'ADMIN', 'dmy', 'MALE', '0']]
2023-07-20 11:10:05,813 - INFO initial_data = :[('Dummy1', '762aefa36c6a92cb426aed62bbd3c14e', 'ADMIN', 'dmy', 'MALE', 0)]
2023-07-20 11:10:05,813 - INFO USER ID: Dummy1's password has been edited.
2023-07-20 11:10:21,200 - INFO edited_data = :[['Dummy1', 'Ar1234!', 'ADMIN', 'dmy', 'MALE', '0']]
2023-07-20 11:10:21,201 - INFO initial_data = :[('Dummy1', '762aefa36c6a92cb426aed62bbd3c14e', 'ADMIN', 'dmy', 'MALE', 0)]
2023-07-20 11:10:21,201 - INFO USER ID: Dummy1's password has been edited.
2023-07-20 11:10:26,452 - INFO True
2023-07-20 11:10:26,452 - INFO password available: =Ar1234!
2023-07-20 11:10:26,487 - INFO edited_data = :[['Dummy1', 'Ar1234!', 'ADMIN', 'dmy', 'MALE', '0']]
2023-07-20 11:10:26,487 - INFO initial_data = :[('Dummy1', '762aefa36c6a92cb426aed62bbd3c14e', 'ADMIN', 'dmy', 'MALE', 0)]
2023-07-20 11:10:26,487 - INFO USER ID: Dummy1's password has been edited.
2023-07-20 11:12:28,124 - INFO True
2023-07-20 11:12:28,124 - INFO password available: =Ar1234!
2023-07-20 11:12:28,167 - INFO edited_data = :[['Dummy1', 'Ar1234!', 'ADMIN', 'dmy', 'MALE', '0']]
2023-07-20 11:12:28,167 - INFO initial_data = :[('Dummy1', 'f3bda195ca1d2d5a5f84db29ef8ab9f3', 'ADMIN', 'dmy', 'MALE', 0)]
2023-07-20 11:12:28,167 - INFO USER ID: Dummy1's password has been edited.
2023-07-20 11:46:47,840 - INFO edited_data = :[['Dummy1', 'Ar1234!!', 'ADMIN', 'DSF', 'MALE', '0']]
2023-07-20 11:46:47,840 - INFO initial_data = :[('Dummy1', 'f3bda195ca1d2d5a5f84db29ef8ab9f3', 'ADMIN', 'DSF', 'MALE', 0)]
2023-07-20 11:46:47,840 - INFO USER ID: Dummy1's password has been edited.
2023-07-20 11:46:53,462 - INFO edited_data = :[['Dummy1', '************', 'ADMIN', 'DSF', 'MALE', '0']]
2023-07-20 11:46:53,463 - INFO initial_data = :[('Dummy1', 'f3bda195ca1d2d5a5f84db29ef8ab9f3', 'ADMIN', 'DSF', 'MALE', 0)]
2023-07-20 11:46:55,902 - INFO edited_data = :[['Dummy1', '************', 'ADMIN', 'DSF', 'MALE', '0']]
2023-07-20 11:46:55,902 - INFO initial_data = :[('Dummy1', 'f3bda195ca1d2d5a5f84db29ef8ab9f3', 'ADMIN', 'DSF', 'MALE', 0)]
2023-07-20 11:54:41,814 - INFO True
2023-07-20 11:54:41,814 - INFO password available: =Ar1234
2023-07-20 11:54:41,855 - INFO edited_data = :[['Dummy1', 'Ar1234', 'ADMIN', 'asdf', 'MALE', '0']]
2023-07-20 11:54:41,855 - INFO initial_data = :[('Dummy1', 'f3bda195ca1d2d5a5f84db29ef8ab9f3', 'ADMIN', 'DSF', 'MALE', 0)]
2023-07-20 11:54:41,855 - INFO USER ID: Dummy1's password has been edited.
2023-07-20 11:54:41,855 - INFO USER ID: Dummy1's name has been edited from DSF to asdf .
2023-07-20 11:54:58,610 - INFO True
2023-07-20 11:54:58,610 - INFO password available: =Ar1234
2023-07-20 11:54:58,648 - INFO edited_data = :[['Dummy1', 'Ar1234', 'ADMIN', 'afsdvweq', 'MALE', '0']]
2023-07-20 11:54:58,648 - INFO initial_data = :[('Dummy1', '419c29938c8bdf72a7bd6035b2865c0f', 'ADMIN', 'asdf', 'MALE', 0)]
2023-07-20 11:54:58,648 - INFO USER ID: Dummy1's password has been edited.
2023-07-20 11:54:58,648 - INFO USER ID: Dummy1's name has been edited from asdf to afsdvweq .
