2023-07-19 16:28:51,518 - INFO in 1748
2023-07-19 16:28:51,518 - ERROR get_data_from_login_history Encountered error!
2023-07-19 16:30:20,617 - ERROR get_data_from_login_history Encountered error!
2023-07-19 16:30:42,646 - INFO pages = <bound method UI_Login_History_function.set_login_history_pages_maximum of <__main__.UI_Login_History_function object at 0x7f8e58582a60>>
2023-07-19 16:30:42,646 - ERROR get_data_from_login_history Encountered error!
2023-07-19 16:31:42,494 - INFO pages = 0
2023-07-19 16:31:44,662 - INFO pages = 0
2023-07-19 16:31:44,687 - INFO pages = 0
2023-07-19 16:31:45,364 - INFO pages = 0
2023-07-19 16:31:45,390 - INFO pages = 0
2023-07-19 16:31:45,784 - INFO pages = 0
2023-07-19 16:31:45,813 - INFO pages = 0
2023-07-19 16:31:46,812 - INFO pages = 0
2023-07-19 16:31:46,838 - INFO pages = 0
2023-07-19 16:31:50,889 - INFO pages = 0
2023-07-19 16:31:52,047 - INFO pages = 0
2023-07-19 16:31:52,075 - INFO pages = 0
2023-07-19 16:31:52,860 - INFO pages = 0
2023-07-19 16:31:52,886 - INFO pages = 0
2023-07-19 16:36:50,859 - INFO maximum pages = :0 current pages = 0
2023-07-19 16:36:50,885 - INFO pages = 0
2023-07-19 16:36:53,157 - INFO maximum pages = :0 current pages = 0
2023-07-19 16:36:53,184 - INFO pages = 0
2023-07-19 16:36:53,187 - INFO maximum pages = :0 current pages = 0
2023-07-19 16:36:53,212 - INFO pages = 0
2023-07-19 16:36:54,116 - INFO maximum pages = :0 current pages = 0
2023-07-19 16:36:54,144 - INFO pages = 0
2023-07-19 16:36:54,146 - INFO maximum pages = :0 current pages = 0
2023-07-19 16:36:54,174 - INFO pages = 0
2023-07-19 16:38:23,073 - INFO maximum pages = :0 current pages = 0
2023-07-19 16:38:23,097 - INFO pages = 0
2023-07-19 16:39:28,944 - INFO maximum pages = :15 current pages = 0
2023-07-19 16:39:28,973 - INFO pages = 0
2023-07-19 16:39:30,839 - INFO maximum pages = :15 current pages = 1
2023-07-19 16:39:30,868 - INFO pages = 1
2023-07-19 16:39:31,296 - INFO maximum pages = :15 current pages = 2
2023-07-19 16:39:31,328 - INFO pages = 2
2023-07-19 16:39:31,424 - INFO maximum pages = :15 current pages = 3
2023-07-19 16:39:31,450 - INFO pages = 3
2023-07-19 16:39:31,570 - INFO maximum pages = :15 current pages = 4
2023-07-19 16:39:31,597 - INFO pages = 4
2023-07-19 16:39:31,734 - INFO maximum pages = :15 current pages = 5
2023-07-19 16:39:31,761 - INFO pages = 5
2023-07-19 16:39:31,878 - INFO maximum pages = :15 current pages = 6
2023-07-19 16:39:31,903 - INFO pages = 6
2023-07-19 16:39:32,011 - INFO maximum pages = :15 current pages = 7
2023-07-19 16:39:32,037 - INFO pages = 7
2023-07-19 16:39:32,156 - INFO maximum pages = :15 current pages = 8
2023-07-19 16:39:32,181 - INFO pages = 8
2023-07-19 16:39:32,296 - INFO maximum pages = :15 current pages = 9
2023-07-19 16:39:32,321 - INFO pages = 9
2023-07-19 16:39:32,439 - INFO maximum pages = :15 current pages = 10
2023-07-19 16:39:32,465 - INFO pages = 10
2023-07-19 16:39:32,588 - INFO maximum pages = :15 current pages = 11
2023-07-19 16:39:32,611 - INFO pages = 11
2023-07-19 16:39:32,730 - INFO maximum pages = :15 current pages = 12
2023-07-19 16:39:32,755 - INFO pages = 12
2023-07-19 16:39:32,885 - INFO maximum pages = :15 current pages = 13
2023-07-19 16:39:32,911 - INFO pages = 13
2023-07-19 16:39:33,026 - INFO maximum pages = :15 current pages = 14
2023-07-19 16:39:33,051 - INFO pages = 14
2023-07-19 16:39:33,167 - INFO maximum pages = :15 current pages = 15
2023-07-19 16:39:33,192 - INFO pages = 15
2023-07-19 16:39:33,334 - INFO maximum pages = :15 current pages = 15
2023-07-19 16:39:33,359 - INFO pages = 15
2023-07-19 16:39:33,361 - INFO maximum pages = :15 current pages = 15
2023-07-19 16:39:33,387 - INFO pages = 15
2023-07-19 16:39:33,477 - INFO maximum pages = :15 current pages = 15
2023-07-19 16:39:33,501 - INFO pages = 15
2023-07-19 16:39:33,504 - INFO maximum pages = :15 current pages = 15
2023-07-19 16:39:33,527 - INFO pages = 15
2023-07-19 16:39:33,632 - INFO maximum pages = :15 current pages = 15
2023-07-19 16:39:33,656 - INFO pages = 15
2023-07-19 16:39:33,659 - INFO maximum pages = :15 current pages = 15
2023-07-19 16:39:33,683 - INFO pages = 15
2023-07-19 16:39:33,770 - INFO maximum pages = :15 current pages = 15
2023-07-19 16:39:33,793 - INFO pages = 15
2023-07-19 16:39:33,796 - INFO maximum pages = :15 current pages = 15
2023-07-19 16:39:33,820 - INFO pages = 15
2023-07-19 16:39:34,954 - INFO maximum pages = :0 current pages = 0
2023-07-19 16:39:34,980 - INFO maximum pages = :0 current pages = 0
2023-07-19 16:39:37,115 - INFO maximum pages = :0 current pages = 0
2023-07-19 16:39:37,142 - INFO maximum pages = :0 current pages = 0
2023-07-19 16:39:39,000 - INFO maximum pages = :14 current pages = 0
2023-07-19 16:39:41,223 - INFO maximum pages = :14 current pages = 14
2023-07-19 16:39:41,250 - INFO maximum pages = :14 current pages = 14
2023-07-19 16:39:42,495 - INFO maximum pages = :14 current pages = 13
2023-07-19 16:39:42,609 - INFO maximum pages = :14 current pages = 12
2023-07-19 16:39:42,766 - INFO maximum pages = :14 current pages = 11
2023-07-19 16:39:42,900 - INFO maximum pages = :14 current pages = 10
2023-07-19 16:39:43,043 - INFO maximum pages = :14 current pages = 9
2023-07-19 16:39:43,186 - INFO maximum pages = :14 current pages = 8
2023-07-19 16:39:43,333 - INFO maximum pages = :14 current pages = 7
2023-07-19 16:39:43,479 - INFO maximum pages = :14 current pages = 6
2023-07-19 16:39:43,617 - INFO maximum pages = :14 current pages = 5
2023-07-19 16:39:43,741 - INFO maximum pages = :14 current pages = 4
2023-07-19 16:39:45,135 - INFO maximum pages = :0 current pages = 0
2023-07-19 16:39:45,168 - ERROR get_data_from_login_history Encountered error!
2023-07-19 16:41:51,076 - INFO maximum pages = :15 current pages = 0
2023-07-19 16:41:51,101 - INFO pages = 0
2023-07-19 16:42:19,819 - INFO maximum pages = :15 current pages = 0
2023-07-19 16:42:19,849 - INFO pages = 0
2023-07-19 16:42:24,067 - INFO maximum pages = :15 current pages = 1
2023-07-19 16:42:24,096 - INFO pages = 1
2023-07-19 16:42:24,212 - INFO maximum pages = :15 current pages = 2
2023-07-19 16:42:24,236 - INFO pages = 2
2023-07-19 16:42:24,545 - INFO maximum pages = :15 current pages = 3
2023-07-19 16:42:24,582 - INFO pages = 3
2023-07-19 16:42:24,806 - INFO maximum pages = :15 current pages = 2
2023-07-19 16:42:24,831 - INFO pages = 2
2023-07-19 16:42:24,952 - INFO maximum pages = :15 current pages = 1
2023-07-19 16:42:24,976 - INFO pages = 1
2023-07-19 16:42:25,066 - INFO maximum pages = :15 current pages = 0
2023-07-19 16:42:25,091 - INFO pages = 0
2023-07-19 16:42:26,288 - INFO maximum pages = :0 current pages = 0
2023-07-19 16:42:27,246 - INFO maximum pages = :0 current pages = 0
2023-07-19 16:42:27,897 - INFO maximum pages = :0 current pages = 0
2023-07-19 16:42:29,073 - INFO maximum pages = :0 current pages = 0
2023-07-19 16:42:30,073 - INFO maximum pages = :0 current pages = 0
2023-07-19 16:42:30,825 - INFO maximum pages = :0 current pages = 0
2023-07-19 16:42:31,701 - ERROR get_page_number_from_database_login_history Encountered error!
2023-07-19 16:42:31,702 - INFO maximum pages = :-1 current pages = -1
2023-07-19 16:42:31,732 - ERROR get_data_from_login_history Encountered error!
2023-07-19 16:45:12,197 - INFO maximum pages = :15 current pages = 0
2023-07-19 16:45:12,219 - INFO pages = 0
2023-07-19 16:45:15,012 - INFO maximum pages = :0 current pages = 0
2023-07-19 16:45:16,205 - INFO maximum pages = :0 current pages = 0
2023-07-19 16:45:17,258 - INFO maximum pages = :0 current pages = 0
2023-07-19 16:45:18,012 - ERROR get_page_number_from_database_login_history Encountered error!
2023-07-19 16:45:18,014 - INFO maximum pages = :-1 current pages = -1
2023-07-19 16:45:18,045 - ERROR get_data_from_login_history Encountered error!
2023-07-19 16:45:28,178 - INFO maximum pages = :15 current pages = 0
2023-07-19 16:45:28,202 - INFO pages = 0
2023-07-19 16:45:31,180 - INFO maximum pages = :0 current pages = 0
2023-07-19 16:45:31,616 - INFO maximum pages = :0 current pages = 0
2023-07-19 16:45:32,108 - INFO maximum pages = :0 current pages = 0
2023-07-19 16:45:32,516 - INFO maximum pages = :0 current pages = 0
2023-07-19 16:45:33,462 - INFO maximum pages = :0 current pages = 0
2023-07-19 16:45:34,503 - INFO maximum pages = :0 current pages = 0
2023-07-19 16:45:41,865 - INFO maximum pages = :0 current pages = 0
2023-07-19 16:45:42,798 - INFO maximum pages = :0 current pages = 0
2023-07-19 16:45:45,163 - INFO maximum pages = :0 current pages = 0
2023-07-19 16:45:45,796 - INFO maximum pages = :0 current pages = 0
2023-07-19 16:45:46,871 - INFO maximum pages = :0 current pages = 0
2023-07-19 16:45:47,357 - INFO maximum pages = :0 current pages = 0
2023-07-19 16:45:58,177 - INFO maximum pages = :0 current pages = 0
2023-07-19 16:45:59,715 - INFO maximum pages = :15 current pages = 0
2023-07-19 16:45:59,748 - INFO pages = 0
2023-07-19 16:46:01,032 - INFO maximum pages = :0 current pages = 0
2023-07-19 16:46:02,607 - INFO maximum pages = :0 current pages = 0
2023-07-19 16:46:03,462 - INFO maximum pages = :15 current pages = 0
2023-07-19 16:46:03,489 - INFO pages = 0
2023-07-19 16:46:05,006 - INFO maximum pages = :14 current pages = 0
2023-07-19 16:46:05,912 - INFO maximum pages = :1 current pages = 0
2023-07-19 16:46:07,007 - INFO maximum pages = :15 current pages = 0
2023-07-19 16:46:07,046 - INFO pages = 0
2023-07-19 16:46:08,772 - INFO maximum pages = :15 current pages = 1
2023-07-19 16:46:08,805 - INFO pages = 1
2023-07-19 16:46:09,274 - INFO maximum pages = :15 current pages = 2
2023-07-19 16:46:09,305 - INFO pages = 2
2023-07-19 16:46:09,730 - INFO maximum pages = :15 current pages = 1
2023-07-19 16:46:09,760 - INFO pages = 1
2023-07-19 16:46:09,884 - INFO maximum pages = :15 current pages = 0
2023-07-19 16:46:09,910 - INFO pages = 0
2023-07-19 16:46:13,990 - ERROR get_page_number_from_database_login_history Encountered error!
2023-07-19 16:46:13,992 - INFO maximum pages = :-1 current pages = -1
2023-07-19 16:46:14,026 - ERROR get_data_from_login_history Encountered error!
2023-07-19 16:49:55,863 - INFO maximum pages = :15 current pages = 0
2023-07-19 16:49:55,893 - INFO pages = 0
2023-07-19 16:50:12,786 - INFO maximum pages = :15 current pages = 1
2023-07-19 16:50:12,816 - INFO pages = 1
2023-07-19 16:50:13,371 - INFO maximum pages = :15 current pages = 2
2023-07-19 16:50:13,403 - INFO pages = 2
2023-07-19 16:50:13,615 - INFO maximum pages = :15 current pages = 1
2023-07-19 16:50:13,645 - INFO pages = 1
2023-07-19 16:50:13,747 - INFO maximum pages = :15 current pages = 0
2023-07-19 16:50:13,769 - INFO pages = 0
2023-07-19 16:50:14,606 - INFO maximum pages = :0 current pages = 0
2023-07-19 16:50:15,494 - INFO maximum pages = :0 current pages = 0
2023-07-19 16:50:16,273 - INFO maximum pages = :1 current pages = 0
2023-07-19 16:50:16,970 - INFO maximum pages = :14 current pages = 0
2023-07-19 16:50:17,232 - INFO maximum pages = :14 current pages = 0
2023-07-19 16:50:18,206 - INFO maximum pages = :1 current pages = 0
2023-07-19 16:50:19,550 - INFO maximum pages = :0 current pages = 0
2023-07-19 16:50:20,390 - INFO maximum pages = :0 current pages = 0
2023-07-19 16:50:21,091 - INFO maximum pages = :0 current pages = 0
2023-07-19 16:50:22,618 - INFO maximum pages = :0 current pages = 0
2023-07-19 16:50:23,699 - INFO maximum pages = :0 current pages = 0
2023-07-19 16:55:05,811 - INFO maximum pages = :16 current pages = 0
2023-07-19 16:55:05,841 - INFO pages = 0
2023-07-19 16:55:08,310 - INFO maximum pages = :0 current pages = 0
2023-07-19 16:55:09,489 - INFO maximum pages = :1 current pages = 0
2023-07-19 16:55:10,794 - INFO maximum pages = :13 current pages = 0
2023-07-19 16:55:11,862 - INFO maximum pages = :1 current pages = 0
2023-07-19 16:55:12,862 - INFO maximum pages = :0 current pages = 0
2023-07-19 16:55:13,902 - INFO maximum pages = :0 current pages = 0
2023-07-19 16:55:15,946 - INFO maximum pages = :1 current pages = 0
2023-07-19 16:55:17,644 - INFO maximum pages = :14 current pages = 0
2023-07-19 16:55:18,769 - INFO maximum pages = :14 current pages = 1
2023-07-19 16:55:18,916 - INFO maximum pages = :14 current pages = 2
2023-07-19 16:55:19,075 - INFO maximum pages = :14 current pages = 3
2023-07-19 16:55:19,220 - INFO maximum pages = :14 current pages = 4
2023-07-19 16:55:19,361 - INFO maximum pages = :14 current pages = 5
2023-07-19 16:55:19,494 - INFO maximum pages = :14 current pages = 6
2023-07-19 16:55:19,623 - INFO maximum pages = :14 current pages = 7
2023-07-19 16:55:19,746 - INFO maximum pages = :14 current pages = 8
2023-07-19 16:55:19,892 - INFO maximum pages = :14 current pages = 9
2023-07-19 16:55:20,030 - INFO maximum pages = :14 current pages = 10
2023-07-19 16:55:20,174 - INFO maximum pages = :14 current pages = 11
2023-07-19 16:55:20,297 - INFO maximum pages = :14 current pages = 12
2023-07-19 16:55:20,424 - INFO maximum pages = :14 current pages = 13
2023-07-19 16:55:20,559 - INFO maximum pages = :14 current pages = 14
2023-07-19 16:55:20,729 - INFO maximum pages = :14 current pages = 14
2023-07-19 16:55:20,757 - INFO maximum pages = :14 current pages = 14
2023-07-19 16:55:20,866 - INFO maximum pages = :14 current pages = 14
2023-07-19 16:55:20,892 - INFO maximum pages = :14 current pages = 14
2023-07-19 16:55:21,841 - INFO maximum pages = :16 current pages = 0
2023-07-19 16:55:21,874 - INFO pages = 0
2023-07-19 16:55:22,747 - INFO maximum pages = :16 current pages = 15
2023-07-19 16:55:22,776 - INFO pages = 15
2023-07-19 16:55:22,873 - INFO maximum pages = :16 current pages = 16
2023-07-19 16:55:22,898 - INFO pages = 16
2023-07-19 16:55:23,058 - INFO maximum pages = :16 current pages = 16
2023-07-19 16:55:23,085 - INFO pages = 16
2023-07-19 16:55:23,087 - INFO maximum pages = :16 current pages = 16
2023-07-19 16:55:23,112 - INFO pages = 16
2023-07-19 16:55:23,210 - INFO maximum pages = :16 current pages = 16
2023-07-19 16:55:23,234 - INFO pages = 16
2023-07-19 16:55:23,236 - INFO maximum pages = :16 current pages = 16
2023-07-19 16:55:23,260 - INFO pages = 16
2023-07-19 16:55:23,357 - INFO maximum pages = :16 current pages = 16
2023-07-19 16:55:23,381 - INFO pages = 16
2023-07-19 16:55:23,384 - INFO maximum pages = :16 current pages = 16
2023-07-19 16:55:23,406 - INFO pages = 16
2023-07-19 16:55:23,771 - INFO maximum pages = :16 current pages = 15
2023-07-19 16:55:23,800 - INFO pages = 15
2023-07-19 16:55:24,349 - INFO maximum pages = :16 current pages = 16
2023-07-19 16:55:24,378 - INFO pages = 16
2023-07-19 16:55:25,016 - INFO maximum pages = :16 current pages = 15
2023-07-19 16:55:25,038 - INFO pages = 15
2023-07-19 16:55:26,479 - INFO maximum pages = :16 current pages = 16
2023-07-19 16:55:26,501 - INFO pages = 16
2023-07-19 16:55:26,988 - INFO maximum pages = :16 current pages = 15
2023-07-19 16:55:27,020 - INFO pages = 15
2023-07-19 16:55:27,112 - INFO maximum pages = :16 current pages = 14
2023-07-19 16:55:27,136 - INFO pages = 14
2023-07-19 16:55:27,262 - INFO maximum pages = :16 current pages = 13
2023-07-19 16:55:27,288 - INFO pages = 13
2023-07-19 16:55:27,409 - INFO maximum pages = :16 current pages = 12
2023-07-19 16:55:27,434 - INFO pages = 12
2023-07-19 16:55:27,547 - INFO maximum pages = :16 current pages = 11
2023-07-19 16:55:27,571 - INFO pages = 11
2023-07-19 16:55:27,689 - INFO maximum pages = :16 current pages = 10
2023-07-19 16:55:27,713 - INFO pages = 10
2023-07-19 16:55:27,975 - INFO maximum pages = :16 current pages = 9
2023-07-19 16:55:28,006 - INFO pages = 9
2023-07-19 16:55:28,123 - INFO maximum pages = :16 current pages = 8
2023-07-19 16:55:28,146 - INFO pages = 8
2023-07-19 16:55:28,268 - INFO maximum pages = :16 current pages = 7
2023-07-19 16:55:28,294 - INFO pages = 7
2023-07-19 16:55:28,439 - INFO maximum pages = :16 current pages = 6
2023-07-19 16:55:28,462 - INFO pages = 6
2023-07-19 16:55:28,724 - INFO maximum pages = :16 current pages = 5
2023-07-19 16:55:28,756 - INFO pages = 5
2023-07-19 16:55:28,848 - INFO maximum pages = :16 current pages = 4
2023-07-19 16:55:28,872 - INFO pages = 4
2023-07-19 16:55:29,011 - INFO maximum pages = :16 current pages = 3
2023-07-19 16:55:29,037 - INFO pages = 3
2023-07-19 16:55:29,155 - INFO maximum pages = :16 current pages = 2
2023-07-19 16:55:29,181 - INFO pages = 2
2023-07-19 16:55:29,293 - INFO maximum pages = :16 current pages = 1
2023-07-19 16:55:29,317 - INFO pages = 1
2023-07-19 16:55:29,472 - INFO maximum pages = :16 current pages = 0
2023-07-19 16:55:29,499 - INFO pages = 0
2023-07-19 16:55:31,040 - INFO maximum pages = :16 current pages = 8
2023-07-19 16:55:31,073 - INFO pages = 8
2023-07-19 16:55:51,006 - INFO maximum pages = :16 current pages = 9
2023-07-19 16:55:51,036 - INFO pages = 9
2023-07-19 16:55:51,416 - INFO maximum pages = :16 current pages = 8
2023-07-19 16:55:51,451 - INFO pages = 8
2023-07-19 17:00:57,184 - INFO maximum pages = :16 current pages = 0
2023-07-19 17:00:57,208 - INFO pages = 0
2023-07-19 17:01:56,318 - INFO maximum pages = :16 current pages = 0
2023-07-19 17:01:56,341 - INFO pages = 0
2023-07-19 17:02:38,281 - INFO maximum pages = :16 current pages = 0
2023-07-19 17:02:38,306 - INFO pages = 0
2023-07-19 17:08:24,533 - INFO maximum pages = :16 current pages = 0
2023-07-19 17:08:24,556 - INFO pages = 0
2023-07-19 17:23:10,159 - INFO maximum pages = :16 current pages = 0
2023-07-19 17:23:10,183 - INFO pages = 0
2023-07-19 17:23:37,012 - INFO maximum pages = :16 current pages = 0
2023-07-19 17:23:37,039 - INFO pages = 0
2023-07-19 17:26:05,128 - INFO maximum pages = :16 current pages = 0
2023-07-19 17:26:05,163 - INFO pages = 0
2023-07-19 17:26:05,217 - INFO pages = 0
2023-07-19 17:27:06,699 - INFO maximum pages = :16 current pages = 0
2023-07-19 17:27:06,724 - INFO pages = 0
2023-07-19 17:27:06,781 - INFO pages = 0
2023-07-19 17:27:26,213 - INFO maximum pages = :16 current pages = 0
2023-07-19 17:27:26,238 - INFO pages = 0
2023-07-19 17:27:26,291 - INFO pages = 0
2023-07-19 17:27:56,827 - INFO maximum pages = :16 current pages = 0
2023-07-19 17:27:56,852 - INFO pages = 0
2023-07-19 17:27:56,911 - INFO pages = 0
2023-07-19 17:29:49,849 - INFO maximum pages = :16 current pages = 0
2023-07-19 17:29:49,877 - INFO pages = 0
2023-07-19 17:29:49,936 - INFO pages = 0
2023-07-19 17:32:15,823 - INFO maximum pages = :16 current pages = 0
2023-07-19 17:32:15,853 - INFO pages = 0
2023-07-19 17:32:15,921 - INFO pages = 0
2023-07-19 17:34:37,790 - INFO maximum pages = :16 current pages = 0
2023-07-19 17:34:37,819 - INFO pages = 0
2023-07-19 17:34:37,880 - INFO pages = 0
2023-07-19 17:36:12,219 - INFO maximum pages = :16 current pages = 0
2023-07-19 17:36:12,245 - INFO pages = 0
2023-07-19 17:36:12,301 - INFO pages = 0
2023-07-19 17:36:28,555 - INFO maximum pages = :16 current pages = 0
2023-07-19 17:36:28,583 - INFO pages = 0
2023-07-19 17:36:28,642 - INFO pages = 0
2023-07-19 17:38:20,442 - INFO maximum pages = :16 current pages = 0
2023-07-19 17:38:20,473 - INFO pages = 0
2023-07-19 17:38:20,534 - INFO pages = 0
2023-07-19 17:38:33,088 - INFO pages = 0
2023-07-19 17:40:44,823 - INFO maximum pages = :16 current pages = 0
2023-07-19 17:40:44,850 - INFO pages = 0
2023-07-19 17:40:44,902 - INFO pages = -1
2023-07-19 17:40:44,903 - ERROR get_data_from_login_history Encountered error!
2023-07-19 17:41:00,900 - INFO maximum pages = :16 current pages = 0
2023-07-19 17:41:00,923 - INFO pages = 0
2023-07-19 17:41:00,976 - INFO pages = 0
2023-07-19 17:41:41,562 - INFO maximum pages = :16 current pages = 0
2023-07-19 17:41:41,590 - INFO pages = 0
2023-07-19 17:41:41,656 - INFO pages = 0
2023-07-19 17:42:12,946 - INFO pages = 0
2023-07-19 17:45:02,727 - INFO pages = 0
2023-07-19 17:46:55,121 - INFO maximum pages = :17 current pages = 0
2023-07-19 17:46:55,155 - INFO pages = 0
2023-07-19 17:46:55,230 - INFO pages = 0
2023-07-19 17:47:02,636 - INFO pages = 0
2023-07-19 17:47:42,973 - INFO maximum pages = :17 current pages = 0
2023-07-19 17:47:43,006 - INFO pages = 0
2023-07-19 17:47:43,070 - INFO pages = 0
2023-07-19 17:47:47,648 - INFO maximum pages = :0 current pages = 0
2023-07-19 17:47:53,639 - INFO pages = 0
2023-07-19 17:50:14,846 - INFO maximum pages = :17 current pages = 0
2023-07-19 17:50:14,877 - INFO pages = 0
2023-07-19 17:50:14,960 - INFO pages = 0
2023-07-19 17:51:23,978 - INFO maximum pages = :17 current pages = 0
2023-07-19 17:51:24,008 - INFO pages = 0
2023-07-19 17:51:24,078 - INFO pages = 0
2023-07-19 17:51:27,485 - INFO pages = 0
2023-07-19 17:52:42,434 - INFO maximum pages = :17 current pages = 0
2023-07-19 17:52:42,470 - INFO pages = 0
2023-07-19 17:52:42,538 - INFO pages = 0
2023-07-19 17:52:44,297 - INFO pages = 0
2023-07-19 17:52:44,328 - INFO pages = 0
2023-07-19 17:52:45,034 - INFO pages = 0
2023-07-19 17:52:45,067 - INFO pages = 0
2023-07-19 17:52:48,201 - INFO pages = 0
2023-07-19 17:54:09,291 - INFO maximum pages = :17 current pages = 0
2023-07-19 17:54:09,322 - INFO pages = 0
2023-07-19 17:57:39,765 - INFO maximum pages = :17 current pages = 0
2023-07-19 17:57:39,794 - INFO pages = 0
2023-07-19 17:58:27,199 - INFO maximum pages = :17 current pages = 0
2023-07-19 17:58:27,231 - INFO pages = 0
2023-07-19 17:59:16,147 - INFO maximum pages = :17 current pages = 0
2023-07-19 17:59:16,178 - INFO pages = 0
2023-07-19 18:00:20,002 - INFO maximum pages = :17 current pages = 0
2023-07-19 18:00:20,031 - INFO pages = 0
2023-07-20 09:03:31,264 - INFO maximum pages = :17 current pages = 0
2023-07-20 09:03:31,293 - INFO pages = 0
2023-07-20 09:20:36,941 - INFO maximum pages = :0 current pages = 0
2023-07-20 09:20:36,972 - INFO pages = 0
2023-07-20 09:22:16,638 - INFO maximum pages = :2 current pages = 0
2023-07-20 09:22:16,669 - INFO pages = 0
2023-07-20 09:22:30,833 - INFO maximum pages = :2 current pages = 1
2023-07-20 09:22:30,861 - INFO pages = 1
2023-07-20 09:22:31,301 - INFO maximum pages = :2 current pages = 2
2023-07-20 09:22:31,329 - INFO pages = 2
2023-07-20 09:22:31,480 - INFO maximum pages = :2 current pages = 2
2023-07-20 09:22:31,512 - INFO pages = 2
2023-07-20 09:22:31,515 - INFO maximum pages = :2 current pages = 2
2023-07-20 09:22:31,545 - INFO pages = 2
2023-07-20 09:22:31,628 - INFO maximum pages = :2 current pages = 2
2023-07-20 09:22:31,661 - INFO pages = 2
2023-07-20 09:22:31,664 - INFO maximum pages = :2 current pages = 2
2023-07-20 09:22:31,697 - INFO pages = 2
2023-07-20 09:22:32,268 - INFO maximum pages = :2 current pages = 1
2023-07-20 09:22:32,301 - INFO pages = 1
2023-07-20 09:22:32,523 - INFO maximum pages = :2 current pages = 0
2023-07-20 09:22:32,557 - INFO pages = 0
2023-07-20 09:22:33,065 - INFO maximum pages = :2 current pages = 1
2023-07-20 09:22:33,093 - INFO pages = 1
2023-07-20 09:22:33,200 - INFO maximum pages = :2 current pages = 2
2023-07-20 09:22:33,224 - INFO pages = 2
2023-07-20 09:22:33,377 - INFO maximum pages = :2 current pages = 2
2023-07-20 09:22:33,409 - INFO pages = 2
2023-07-20 09:22:33,412 - INFO maximum pages = :2 current pages = 2
2023-07-20 09:22:33,444 - INFO pages = 2
2023-07-20 09:22:33,977 - INFO maximum pages = :2 current pages = 1
2023-07-20 09:22:34,007 - INFO pages = 1
2023-07-20 09:22:34,093 - INFO maximum pages = :2 current pages = 0
2023-07-20 09:22:34,120 - INFO pages = 0
2023-07-20 09:22:37,937 - INFO maximum pages = :2 current pages = 2
2023-07-20 09:22:37,965 - INFO pages = 2
2023-07-20 09:22:37,967 - INFO maximum pages = :2 current pages = 2
2023-07-20 09:22:37,999 - INFO pages = 2
2023-07-20 09:27:07,921 - INFO maximum pages = :2 current pages = 0
2023-07-20 09:27:07,950 - INFO pages = 0
2023-07-20 09:28:07,277 - INFO maximum pages = :2 current pages = 0
2023-07-20 09:28:07,309 - INFO pages = 0
2023-07-20 09:28:09,389 - INFO maximum pages = :0 current pages = 0
2023-07-20 09:28:10,418 - INFO maximum pages = :0 current pages = 0
2023-07-20 09:28:12,348 - INFO maximum pages = :0 current pages = 0
2023-07-20 09:28:14,114 - INFO maximum pages = :0 current pages = 0
2023-07-20 09:28:15,047 - INFO maximum pages = :1 current pages = 0
2023-07-20 09:28:16,377 - INFO maximum pages = :0 current pages = 0
2023-07-20 09:28:17,326 - INFO maximum pages = :0 current pages = 0
2023-07-20 09:28:18,823 - INFO maximum pages = :2 current pages = 0
2023-07-20 09:28:22,498 - INFO maximum pages = :2 current pages = 0
2023-07-20 09:28:23,812 - INFO maximum pages = :0 current pages = 0
2023-07-20 09:28:26,968 - INFO maximum pages = :2 current pages = 0
2023-07-20 09:28:27,682 - INFO maximum pages = :2 current pages = 0
2023-07-20 09:28:27,713 - INFO pages = 0
2023-07-20 09:28:28,206 - INFO maximum pages = :2 current pages = 0
2023-07-20 09:28:28,235 - INFO pages = 0
2023-07-20 09:31:25,795 - INFO maximum pages = :2 current pages = 0
2023-07-20 09:31:25,830 - INFO pages = 0
2023-07-20 09:32:23,023 - INFO maximum pages = :2 current pages = 0
2023-07-20 09:32:23,054 - INFO pages = 0
2023-07-20 09:34:13,783 - INFO maximum pages = :2 current pages = 0
2023-07-20 09:34:13,813 - INFO pages = 0
2023-07-20 09:38:23,515 - INFO maximum pages = :2 current pages = 0
2023-07-20 09:38:23,544 - INFO pages = 0
2023-07-20 09:38:44,309 - INFO maximum pages = :2 current pages = 0
2023-07-20 09:38:44,340 - INFO pages = 0
2023-07-20 09:39:41,779 - INFO maximum pages = :2 current pages = 0
2023-07-20 09:39:41,814 - INFO pages = 0
2023-07-20 09:41:08,509 - INFO maximum pages = :2 current pages = 0
2023-07-20 09:41:08,536 - INFO pages = 0
2023-07-20 09:42:57,895 - INFO maximum pages = :2 current pages = 0
2023-07-20 09:42:57,921 - INFO pages = 0
2023-07-20 09:45:08,629 - INFO maximum pages = :2 current pages = 0
2023-07-20 09:45:08,656 - INFO pages = 0
2023-07-20 09:46:21,573 - INFO maximum pages = :2 current pages = 0
2023-07-20 09:46:21,603 - INFO pages = 0
2023-07-20 10:06:59,298 - INFO maximum pages = :3 current pages = 0
2023-07-20 10:06:59,327 - INFO pages = 0
2023-07-20 10:52:27,477 - INFO maximum pages = :3 current pages = 0
2023-07-20 10:52:27,506 - INFO pages = 0
2023-07-20 10:56:51,288 - INFO maximum pages = :3 current pages = 0
2023-07-20 10:56:51,320 - INFO pages = 0
2023-07-20 10:59:10,353 - INFO maximum pages = :3 current pages = 0
2023-07-20 10:59:10,378 - INFO pages = 0
2023-07-20 11:05:46,997 - INFO maximum pages = :4 current pages = 0
2023-07-20 11:05:47,027 - INFO pages = 0
2023-07-20 11:14:11,998 - INFO maximum pages = :4 current pages = 0
2023-07-20 11:14:12,026 - INFO pages = 0
2023-07-20 11:17:22,398 - INFO maximum pages = :4 current pages = 0
2023-07-20 11:17:22,429 - INFO pages = 0
2023-07-20 11:18:05,086 - INFO maximum pages = :4 current pages = 0
2023-07-20 11:18:05,111 - INFO pages = 0
2023-07-20 11:22:27,618 - INFO maximum pages = :4 current pages = 0
2023-07-20 11:22:27,647 - INFO pages = 0
2023-07-20 11:25:42,375 - INFO maximum pages = :4 current pages = 0
2023-07-20 11:25:42,404 - INFO pages = 0
2023-07-20 11:28:29,857 - INFO maximum pages = :5 current pages = 0
2023-07-20 11:28:29,883 - INFO pages = 0
2023-07-20 11:31:01,081 - INFO maximum pages = :5 current pages = 0
2023-07-20 11:31:01,118 - INFO pages = 0
2023-07-20 11:31:33,615 - INFO maximum pages = :5 current pages = 0
2023-07-20 11:31:33,646 - INFO pages = 0
2023-07-20 11:32:09,164 - INFO maximum pages = :5 current pages = 0
2023-07-20 11:32:09,200 - INFO pages = 0
2023-07-20 11:32:52,279 - INFO maximum pages = :5 current pages = 0
2023-07-20 11:32:52,310 - INFO pages = 0
2023-07-20 11:33:12,607 - INFO maximum pages = :5 current pages = 0
2023-07-20 11:33:12,638 - INFO pages = 0
2023-07-20 11:33:33,395 - INFO maximum pages = :5 current pages = 0
2023-07-20 11:33:33,421 - INFO pages = 0
2023-07-20 11:34:40,654 - INFO maximum pages = :5 current pages = 0
2023-07-20 11:34:40,684 - INFO pages = 0
2023-07-20 11:35:24,417 - INFO maximum pages = :5 current pages = 0
2023-07-20 11:35:24,471 - INFO pages = 0
2023-07-20 11:38:20,133 - INFO maximum pages = :5 current pages = 0
2023-07-20 11:38:20,159 - INFO pages = 0
2023-07-20 11:39:06,075 - INFO maximum pages = :5 current pages = 0
2023-07-20 11:39:06,109 - INFO pages = 0
2023-07-20 12:01:00,041 - INFO maximum pages = :5 current pages = 0
2023-07-20 12:01:00,072 - INFO pages = 0
2023-07-20 12:13:47,327 - INFO maximum pages = :5 current pages = 0
2023-07-20 12:13:47,361 - INFO pages = 0
2023-07-20 12:15:11,952 - INFO maximum pages = :5 current pages = 0
2023-07-20 12:15:11,986 - INFO pages = 0
2023-07-20 12:15:46,156 - INFO maximum pages = :5 current pages = 0
2023-07-20 12:15:46,188 - INFO pages = 0
2023-07-20 12:17:56,678 - INFO maximum pages = :6 current pages = 0
2023-07-20 12:17:56,710 - INFO pages = 0
2023-07-20 12:19:46,171 - INFO maximum pages = :6 current pages = 0
2023-07-20 12:19:46,204 - INFO pages = 0
2023-07-20 12:46:59,336 - INFO maximum pages = :6 current pages = 0
2023-07-20 12:46:59,367 - INFO pages = 0
2023-07-20 12:47:23,496 - INFO maximum pages = :6 current pages = 0
2023-07-20 12:47:23,522 - INFO pages = 0
2023-07-20 13:35:05,816 - INFO maximum pages = :0 current pages = 0
2023-07-20 13:35:07,127 - INFO maximum pages = :4 current pages = 0
2023-07-20 13:35:09,281 - INFO maximum pages = :0 current pages = 0
2023-07-20 13:35:10,974 - INFO maximum pages = :3 current pages = 0
2023-07-20 13:37:07,436 - INFO maximum pages = :3 current pages = 1
2023-07-20 13:37:08,969 - INFO maximum pages = :3 current pages = 0
2023-07-20 13:37:09,426 - INFO maximum pages = :3 current pages = 1
2023-07-20 13:37:09,565 - INFO maximum pages = :3 current pages = 2
2023-07-20 13:37:10,248 - INFO maximum pages = :3 current pages = 3
2023-07-20 13:37:11,557 - INFO maximum pages = :3 current pages = 2
2023-07-20 13:37:11,690 - INFO maximum pages = :3 current pages = 1
2023-07-20 13:37:11,822 - INFO maximum pages = :3 current pages = 0
2023-07-20 13:47:51,972 - INFO maximum pages = :3 current pages = 3
2023-07-20 13:47:52,002 - INFO maximum pages = :3 current pages = 3
2023-07-20 14:00:02,069 - INFO maximum pages = :2 current pages = 0
2023-07-20 14:00:03,693 - INFO maximum pages = :0 current pages = 0
2023-07-20 14:00:03,730 - INFO maximum pages = :0 current pages = 0
2023-07-20 14:00:04,650 - INFO maximum pages = :0 current pages = 0
2023-07-20 14:00:05,722 - INFO maximum pages = :2 current pages = 0
2023-07-20 14:00:07,086 - INFO maximum pages = :0 current pages = 0
2023-07-20 14:00:08,040 - INFO maximum pages = :1 current pages = 0
2023-07-20 14:00:09,062 - INFO maximum pages = :2 current pages = 0
2023-07-20 14:00:11,260 - INFO maximum pages = :1 current pages = 0
2023-07-20 14:00:13,467 - INFO maximum pages = :2 current pages = 0
2023-07-20 14:29:21,876 - INFO maximum pages = :6 current pages = 0
2023-07-20 14:29:21,904 - INFO pages = 0
2023-07-20 14:29:57,679 - INFO maximum pages = :6 current pages = 0
2023-07-20 14:29:57,704 - INFO pages = 0
2023-07-20 14:30:32,736 - INFO maximum pages = :6 current pages = 0
2023-07-20 14:30:32,760 - INFO pages = 0
2023-07-20 14:33:48,062 - INFO maximum pages = :6 current pages = 0
2023-07-20 14:33:48,086 - INFO pages = 0
2023-07-20 14:51:09,870 - INFO maximum pages = :6 current pages = 0
2023-07-20 14:51:09,903 - INFO pages = 0
2023-07-20 14:53:48,888 - INFO maximum pages = :6 current pages = 0
2023-07-20 14:53:48,910 - INFO pages = 0
2023-07-20 14:56:22,133 - INFO maximum pages = :6 current pages = 0
2023-07-20 14:56:22,177 - INFO pages = 0
2023-07-20 14:57:33,910 - INFO maximum pages = :6 current pages = 0
2023-07-20 14:57:33,931 - INFO pages = 0
2023-07-20 14:58:46,449 - INFO maximum pages = :6 current pages = 0
2023-07-20 14:58:46,475 - INFO pages = 0
2023-07-20 15:06:11,725 - INFO maximum pages = :6 current pages = 0
2023-07-20 15:06:11,755 - INFO pages = 0
2023-07-20 15:07:40,209 - INFO maximum pages = :6 current pages = 0
2023-07-20 15:07:40,239 - INFO pages = 0
2023-07-20 15:09:20,540 - INFO maximum pages = :6 current pages = 0
2023-07-20 15:09:20,570 - INFO pages = 0
2023-07-20 15:10:38,382 - INFO maximum pages = :6 current pages = 0
2023-07-20 15:10:38,409 - INFO pages = 0
2023-07-20 15:18:27,953 - INFO maximum pages = :6 current pages = 0
2023-07-20 15:18:27,989 - INFO pages = 0
2023-07-20 15:18:45,805 - INFO maximum pages = :6 current pages = 0
2023-07-20 15:18:45,827 - INFO pages = 0
2023-07-20 15:19:31,366 - INFO maximum pages = :6 current pages = 0
2023-07-20 15:19:31,397 - INFO pages = 0
2023-07-20 15:21:23,129 - INFO maximum pages = :7 current pages = 0
2023-07-20 15:21:23,162 - INFO pages = 0
2023-07-20 15:22:29,388 - INFO maximum pages = :7 current pages = 0
2023-07-20 15:22:29,415 - INFO pages = 0
2023-07-20 15:22:54,163 - INFO maximum pages = :7 current pages = 0
2023-07-20 15:22:54,185 - INFO pages = 0
2023-07-20 15:23:42,168 - INFO maximum pages = :7 current pages = 0
2023-07-20 15:23:42,193 - INFO pages = 0
2023-07-20 15:24:14,926 - INFO maximum pages = :7 current pages = 0
2023-07-20 15:24:14,947 - INFO pages = 0
2023-07-20 15:25:37,467 - INFO maximum pages = :7 current pages = 0
2023-07-20 15:25:37,495 - INFO pages = 0
2023-07-20 15:29:10,088 - INFO maximum pages = :7 current pages = 0
2023-07-20 15:29:10,114 - INFO pages = 0
2023-07-20 15:36:02,092 - INFO maximum pages = :7 current pages = 0
2023-07-20 15:36:02,121 - INFO pages = 0
2023-07-20 15:36:25,812 - INFO maximum pages = :7 current pages = 1
2023-07-20 15:36:25,841 - INFO pages = 1
2023-07-20 15:36:26,277 - INFO maximum pages = :7 current pages = 2
2023-07-20 15:36:26,303 - INFO pages = 2
2023-07-20 15:36:26,622 - INFO maximum pages = :7 current pages = 3
2023-07-20 15:36:26,648 - INFO pages = 3
2023-07-20 15:36:26,759 - INFO maximum pages = :7 current pages = 4
2023-07-20 15:36:26,780 - INFO pages = 4
2023-07-20 15:36:26,912 - INFO maximum pages = :7 current pages = 5
2023-07-20 15:36:26,934 - INFO pages = 5
2023-07-20 15:36:27,073 - INFO maximum pages = :7 current pages = 6
2023-07-20 15:36:27,094 - INFO pages = 6
2023-07-20 15:36:27,213 - INFO maximum pages = :7 current pages = 7
2023-07-20 15:36:27,234 - INFO pages = 7
2023-07-20 15:36:27,402 - INFO maximum pages = :7 current pages = 7
2023-07-20 15:36:27,423 - INFO pages = 7
2023-07-20 15:36:27,425 - INFO maximum pages = :7 current pages = 7
2023-07-20 15:36:27,446 - INFO pages = 7
2023-07-20 15:36:28,254 - INFO maximum pages = :7 current pages = 7
2023-07-20 15:36:28,279 - INFO pages = 7
2023-07-20 15:36:28,281 - INFO maximum pages = :7 current pages = 7
2023-07-20 15:36:28,305 - INFO pages = 7
2023-07-20 15:36:28,760 - INFO maximum pages = :7 current pages = 7
2023-07-20 15:36:28,793 - INFO pages = 7
2023-07-20 15:36:28,795 - INFO maximum pages = :7 current pages = 7
2023-07-20 15:36:28,820 - INFO pages = 7
2023-07-20 15:36:29,400 - INFO maximum pages = :7 current pages = 6
2023-07-20 15:36:29,425 - INFO pages = 6
2023-07-20 15:36:29,731 - INFO maximum pages = :7 current pages = 7
2023-07-20 15:36:29,758 - INFO pages = 7
2023-07-20 15:36:29,931 - INFO maximum pages = :7 current pages = 6
2023-07-20 15:36:29,958 - INFO pages = 6
2023-07-20 15:36:30,175 - INFO maximum pages = :7 current pages = 7
2023-07-20 15:36:30,199 - INFO pages = 7
2023-07-20 15:36:30,855 - INFO maximum pages = :7 current pages = 6
2023-07-20 15:36:30,882 - INFO pages = 6
2023-07-20 15:36:31,092 - INFO maximum pages = :7 current pages = 7
2023-07-20 15:36:31,119 - INFO pages = 7
2023-07-20 15:36:31,382 - INFO maximum pages = :7 current pages = 6
2023-07-20 15:36:31,403 - INFO pages = 6
2023-07-20 15:36:31,594 - INFO maximum pages = :7 current pages = 7
2023-07-20 15:36:31,616 - INFO pages = 7
2023-07-20 15:36:31,806 - INFO maximum pages = :7 current pages = 7
2023-07-20 15:36:31,834 - INFO pages = 7
2023-07-20 15:36:31,837 - INFO maximum pages = :7 current pages = 7
2023-07-20 15:36:31,861 - INFO pages = 7
2023-07-20 15:36:32,186 - INFO maximum pages = :7 current pages = 6
2023-07-20 15:36:32,213 - INFO pages = 6
2023-07-20 15:38:57,972 - INFO maximum pages = :7 current pages = 0
2023-07-20 15:38:57,996 - INFO pages = 0
2023-07-20 15:39:30,663 - INFO maximum pages = :7 current pages = 0
2023-07-20 15:39:30,700 - INFO pages = 0
