2023-07-18 17:26:29,636 - INFO test3
2023-07-18 17:35:07,202 - INFO test tegister logger
2023-07-19 09:16:13,164 - INFO test tegister logger
2023-07-19 09:17:55,646 - INFO test tegister logger
2023-07-19 09:17:58,828 - INFO test tegister logger
2023-07-19 09:18:09,023 - INFO test tegister logger
2023-07-19 09:18:11,483 - INFO test tegister logger
2023-07-19 09:19:56,509 - INFO test tegister logger
2023-07-19 09:20:12,674 - INFO test tegister logger
2023-07-19 09:20:49,036 - INFO test tegister logger
2023-07-19 09:22:48,837 - INFO test tegister logger
2023-07-19 09:22:54,789 - INFO test tegister logger
2023-07-19 09:23:17,840 - INFO test tegister logger
2023-07-19 09:53:57,156 - INFO test tegister logger
2023-07-19 09:54:01,367 - INFO test tegister logger
2023-07-19 10:03:13,969 - INFO test tegister logger
2023-07-19 10:05:43,937 - INFO test tegister logger
2023-07-19 10:05:50,007 - INFO test tegister logger
2023-07-19 10:10:31,186 - INFO test tegister logger
2023-07-19 10:10:58,135 - INFO test tegister logger
2023-07-19 10:11:02,154 - INFO test tegister logger
2023-07-19 10:11:24,859 - INFO test tegister logger
2023-07-19 10:12:06,651 - INFO test tegister logger
2023-07-19 10:15:18,625 - INFO test tegister logger
2023-07-19 10:16:57,297 - INFO test tegister logger
2023-07-19 10:21:18,537 - INFO test tegister logger
2023-07-19 10:24:42,305 - INFO test tegister logger
2023-07-19 10:25:03,587 - INFO test tegister logger
2023-07-19 10:37:39,077 - INFO test tegister logger
2023-07-19 10:39:33,640 - INFO test tegister logger
2023-07-19 10:40:12,026 - INFO test tegister logger
2023-07-19 10:40:25,626 - INFO test tegister logger
2023-07-19 10:41:18,405 - INFO test tegister logger
2023-07-19 10:43:14,520 - INFO test tegister logger
2023-07-19 10:43:48,806 - INFO test tegister logger
2023-07-19 10:44:32,620 - INFO test tegister logger
2023-07-19 10:45:12,325 - INFO test tegister logger
2023-07-19 10:45:31,063 - INFO test tegister logger
2023-07-19 10:48:28,828 - INFO test tegister logger
2023-07-19 10:50:41,128 - INFO test tegister logger
2023-07-19 10:50:58,007 - INFO test tegister logger
2023-07-19 13:32:42,230 - INFO User registered with Id: Dummy10 , permission: ADMIN , name: dmy , gender: MALE. 
2023-07-19 13:32:45,359 - INFO User registered with Id: Dummy11 , permission: ADMIN , name: dmy , gender: MALE. 
2023-07-19 13:32:47,392 - INFO User registered with Id: Dummy12 , permission: ADMIN , name: dmy , gender: MALE. 
2023-07-19 13:32:49,691 - INFO User registered with Id: Dummy13 , permission: ADMIN , name: dmy , gender: MALE. 
2023-07-19 13:32:51,486 - INFO User registered with Id: Dummy14 , permission: ADMIN , name: dmy , gender: MALE. 
2023-07-19 13:32:54,005 - INFO User registered with Id: Dummy15 , permission: ADMIN , name: dmy , gender: MALE. 
2023-07-19 13:32:55,306 - INFO User registered with Id: Dummy17 , permission: ADMIN , name: dmy , gender: MALE. 
2023-07-19 13:32:56,552 - INFO User registered with Id: Dummy16 , permission: ADMIN , name: dmy , gender: MALE. 
2023-07-19 13:32:57,785 - INFO User registered with Id: Dummy18 , permission: ADMIN , name: dmy , gender: MALE. 
2023-07-19 13:32:58,950 - INFO User registered with Id: Dummy19 , permission: ADMIN , name: dmy , gender: MALE. 
2023-07-19 13:33:30,278 - INFO User registered with Id: Dummy20 , permission: ADMIN , name: 123 , gender: MALE. 
2023-07-19 13:33:34,366 - INFO User registered with Id: Dummy21 , permission: ADMIN , name: 123 , gender: MALE. 
2023-07-19 13:33:36,360 - INFO User registered with Id: Dummy22 , permission: ADMIN , name: 123 , gender: MALE. 
2023-07-19 17:02:08,769 - INFO User registered with Id: Dummy22 , permission: ADMIN , name: afsd , gender: MALE. 
2023-07-19 17:02:44,739 - INFO User registered with Id: Dummy21 , permission: ADMIN , name: qfds23 , gender: FEMALE. 
2023-07-19 17:02:45,330 - INFO user info current maximum pages = all
2023-07-19 17:02:52,282 - INFO User registered with Id: Dummy23 , permission: ADMIN , name: qfds23 , gender: FEMALE. 
2023-07-19 17:02:52,850 - INFO user info current maximum pages = all
2023-07-19 17:02:54,734 - INFO User registered with Id: Dummy24 , permission: ADMIN , name: qfds23 , gender: FEMALE. 
2023-07-19 17:02:55,312 - INFO user info current maximum pages = all
2023-07-19 17:02:57,050 - INFO User registered with Id: Dummy25 , permission: ADMIN , name: qfds23 , gender: FEMALE. 
2023-07-19 17:02:57,593 - INFO user info current maximum pages = all
2023-07-19 17:02:59,072 - INFO User registered with Id: Dummy26 , permission: ADMIN , name: qfds23 , gender: FEMALE. 
2023-07-19 17:02:59,630 - INFO user info current maximum pages = all
2023-07-19 17:03:00,970 - INFO User registered with Id: Dummy27 , permission: ADMIN , name: qfds23 , gender: FEMALE. 
2023-07-19 17:03:01,618 - INFO user info current maximum pages = all
2023-07-19 17:03:29,178 - INFO User registered with Id: Dummy30 , permission: ADMIN , name: afsdfweq , gender: FEMALE. 
2023-07-19 17:03:29,701 - INFO user info current maximum pages = all
2023-07-20 09:21:06,884 - INFO User registered with Id: Dummy1 , permission: ADMIN , name: dmy , gender: MALE. 
2023-07-20 09:39:56,562 - INFO User registered with Id: Dummy2 , permission: ADMIN , name: s , gender: MALE. 
2023-07-20 09:40:01,467 - INFO User registered with Id: Dummy3 , permission: ADMIN , name: s , gender: MALE. 
2023-07-20 09:40:03,043 - INFO User registered with Id: Dummy4 , permission: ADMIN , name: s , gender: MALE. 
2023-07-20 09:40:05,691 - INFO User registered with Id: Dummy5 , permission: ADMIN , name: s , gender: MALE. 
2023-07-20 09:40:06,557 - INFO User registered with Id: Dummy6 , permission: ADMIN , name: s , gender: MALE. 
2023-07-20 09:40:07,344 - INFO User registered with Id: Dummy7 , permission: ADMIN , name: s , gender: MALE. 
2023-07-20 09:40:08,156 - INFO User registered with Id: Dummy8 , permission: ADMIN , name: s , gender: MALE. 
2023-07-20 09:40:09,213 - INFO User registered with Id: Dummy9 , permission: ADMIN , name: s , gender: MALE. 
2023-07-20 09:40:15,869 - INFO User registered with Id: Dummy10 , permission: ADMIN , name: s , gender: MALE. 
2023-07-20 09:40:18,357 - INFO User registered with Id: Dummy11 , permission: ADMIN , name: s , gender: MALE. 
2023-07-20 09:40:19,525 - INFO User registered with Id: Dummy12 , permission: ADMIN , name: s , gender: MALE. 
2023-07-20 09:40:20,579 - INFO User registered with Id: Dummy13 , permission: ADMIN , name: s , gender: MALE. 
2023-07-20 09:40:21,703 - INFO User registered with Id: Dummy14 , permission: ADMIN , name: s , gender: MALE. 
2023-07-20 09:40:22,531 - INFO User registered with Id: Dummy15 , permission: ADMIN , name: s , gender: MALE. 
2023-07-20 09:40:23,489 - INFO User registered with Id: Dummy16 , permission: ADMIN , name: s , gender: MALE. 
2023-07-20 09:40:24,366 - INFO User registered with Id: Dummy17 , permission: ADMIN , name: s , gender: MALE. 
2023-07-20 09:40:25,374 - INFO User registered with Id: Dummy18 , permission: ADMIN , name: s , gender: MALE. 
2023-07-20 09:40:26,296 - INFO User registered with Id: Dummy19 , permission: ADMIN , name: s , gender: MALE. 
2023-07-20 09:40:33,590 - INFO User registered with Id: Dummy2- , permission: ADMIN , name: s , gender: MALE. 
2023-07-20 09:43:06,768 - INFO User registered with Id:  Dummy1 , permission: ADMIN , name: x , gender: MALE. 
2023-07-20 09:45:18,662 - INFO User registered with Id: D ummmy1 , permission: ADMIN , name: 1 , gender: MALE. 
2023-07-20 13:16:14,330 - INFO User registered with Id: Dummy20 , permission: ADMIN , name: asdfjlk , gender: MALE. 
2023-07-20 13:17:05,847 - INFO User registered with Id: Dummy22 , permission: ADMIN , name: asdfjlk , gender: MALE. 
2023-07-20 13:17:11,448 - INFO User registered with Id: Dummy21 , permission: ADMIN , name: asdfjlk , gender: MALE. 
2023-07-20 15:37:17,658 - INFO User registered with Id: Dummy20 , permission: ADMIN , name: asdfj;lk , gender: MALE. 
2023-07-20 15:39:03,951 - INFO User registered with Id: Dummy21 , permission: ADMIN , name: asdf , gender: MALE. 
2023-07-20 15:39:08,459 - INFO User registered with Id: Dummy22 , permission: ADMIN , name: asdf , gender: MALE. 
