2023-07-20 17:54:18,906 - INFO User with ID: 'Dummy31' has been deleted!
2023-07-20 17:54:24,893 - INFO User with ID: 'Dummy31' has been added.
2023-07-20 17:54:50,581 - INFO USER ID: 'Dummy31's password has been edited.
2023-07-20 17:54:50,581 - INFO USER ID: 'Dummy31's permission has been edited from 'ADMIN' to 'USER'.
2023-07-20 17:54:50,581 - INFO USER ID: 'Dummy31's name has been edited from 'asdf' to 'DMy31'.
2023-07-20 17:54:50,581 - INFO USER ID: 'Dummy31's gender has been edited from 'MALE' to 'FEMALE'.
2023-07-25 09:50:13,644 - INFO USER ID: 1's name has been edited from 'Test' to 'Test Account'.
2023-07-25 12:01:58,052 - INFO User with ID: '1' has been deleted!
2023-07-25 12:01:58,086 - INFO User with ID: 'Dummy1' has been deleted!
2023-07-25 12:01:58,118 - INFO User with ID: 'Dummy2' has been deleted!
2023-07-25 12:01:58,151 - INFO User with ID: 'Dummy3' has been deleted!
2023-07-26 14:43:12,298 - INFO USER ID: 'Dummy7's permission has been edited from 'ADMIN' to 'USER'.
2023-07-26 14:43:12,298 - INFO USER ID: 'Dummy7's gender has been edited from 'FEMALE' to 'MALE'.
2023-07-26 14:43:12,298 - INFO USER ID: 'Dummy8's name has been edited from '1' to 'asdf'.
2023-07-26 14:43:12,298 - INFO USER ID: 'Dummy9's password has been edited.
2023-07-26 14:43:12,298 - INFO USER ID: 'Dummy9's permission has been edited from 'ADMIN' to 'USER'.
2023-07-26 14:43:12,298 - INFO USER ID: 'Dummy0's name has been edited from 'defegegehe' to 'zxvxzcvxzcv'.
2023-07-26 15:14:34,784 - INFO User with ID: 'aaaa' has been added.
2023-07-26 15:14:51,367 - INFO USER ID: 'aaaa's password has been edited.
2023-07-26 15:14:56,467 - INFO USER ID: 'aaaa's password has been edited.
